C:\USERS\YURY\DOCUMENTS\VISUAL STUDIO 2012\PROJECTS\DIADOC_EXAMPLE\DIADOC_EXAMPLE\DEBUG\DIADOC_EXAMPLE.PCH
C:\USERS\YURY\DOCUMENTS\VISUAL STUDIO 2012\PROJECTS\DIADOC_EXAMPLE\DIADOC_EXAMPLE\DEBUG\STDAFX.OBJ
C:\USERS\YURY\DOCUMENTS\VISUAL STUDIO 2012\PROJECTS\DIADOC_EXAMPLE\DIADOC_EXAMPLE\DEBUG\VC110.PDB
C:\USERS\YURY\DOCUMENTS\VISUAL STUDIO 2012\PROJECTS\DIADOC_EXAMPLE\DIADOC_EXAMPLE\DEBUG\DIADOC_EXAMPLE.OBJ
C:\USERS\YURY\DOCUMENTS\VISUAL STUDIO 2012\PROJECTS\DIADOC_EXAMPLE\DEBUG\DIADOC_EXAMPLE.ILK
C:\USERS\YURY\DOCUMENTS\VISUAL STUDIO 2012\PROJECTS\DIADOC_EXAMPLE\DEBUG\DIADOC_EXAMPLE.EXE
C:\USERS\YURY\DOCUMENTS\VISUAL STUDIO 2012\PROJECTS\DIADOC_EXAMPLE\DEBUG\DIADOC_EXAMPLE.PDB
c:\Users\Yury\documents\visual studio 2012\Projects\diadoc_example\diadoc_example\Debug\diadoc_example.obj
c:\Users\Yury\documents\visual studio 2012\Projects\diadoc_example\diadoc_example\Debug\stdafx.obj
c:\Users\Yury\documents\visual studio 2012\Projects\diadoc_example\diadoc_example\Debug\cl.command.1.tlog
c:\Users\Yury\documents\visual studio 2012\Projects\diadoc_example\diadoc_example\Debug\CL.read.1.tlog
c:\Users\Yury\documents\visual studio 2012\Projects\diadoc_example\diadoc_example\Debug\CL.write.1.tlog
c:\Users\Yury\documents\visual studio 2012\Projects\diadoc_example\diadoc_example\Debug\link-cvtres.read.1.tlog
c:\Users\Yury\documents\visual studio 2012\Projects\diadoc_example\diadoc_example\Debug\link-cvtres.write.1.tlog
c:\Users\Yury\documents\visual studio 2012\Projects\diadoc_example\diadoc_example\Debug\link-rc.read.1.tlog
c:\Users\Yury\documents\visual studio 2012\Projects\diadoc_example\diadoc_example\Debug\link-rc.write.1.tlog
c:\Users\Yury\documents\visual studio 2012\Projects\diadoc_example\diadoc_example\Debug\link.command.1.tlog
c:\Users\Yury\documents\visual studio 2012\Projects\diadoc_example\diadoc_example\Debug\link.read.1.tlog
c:\Users\Yury\documents\visual studio 2012\Projects\diadoc_example\diadoc_example\Debug\link.write.1.tlog
c:\Users\Yury\documents\visual studio 2012\Projects\diadoc_example\diadoc_example\Debug\diadoc_example.pch
c:\Users\Yury\documents\visual studio 2012\Projects\diadoc_example\diadoc_example\Debug\vc110.idb
c:\Users\Yury\documents\visual studio 2012\Projects\diadoc_example\diadoc_example\Debug\vc110.pdb
c:\users\yury\documents\visual studio 2012\Projects\diadoc_example\Debug\diadoc_example.pdb
c:\users\yury\documents\visual studio 2012\Projects\diadoc_example\Debug\diadoc_example.exe
c:\users\yury\documents\visual studio 2012\Projects\diadoc_example\Debug\diadoc_example.ilk
